<?xml version="1.0" encoding="UTF-8"?>
<!-- Generated by org.testng.reporters.JUnitReportReporter -->
<testsuite skipped="0" hostname="DELL" name="APIAutomationTesting.FullAPITest" tests="7" failures="0" timestamp="08 Feb 2019 12:22:42 GMT" time="8.957" errors="0">
  <testcase name="gettingdefinedBlogs" time="0.460" classname="APIAutomationTesting.FullAPITest"/>
  <testcase name="deleteBlogs" time="0.775" classname="APIAutomationTesting.FullAPITest"/>
  <testcase name="gettingAllBlogs" time="0.660" classname="APIAutomationTesting.FullAPITest"/>
  <testcase name="updateBlogs" time="0.775" classname="APIAutomationTesting.FullAPITest"/>
  <testcase name="postBlogs" time="0.950" classname="APIAutomationTesting.FullAPITest"/>
  <testcase name="login" time="0.489" classname="APIAutomationTesting.FullAPITest"/>
  <testcase name="registering" time="4.848" classname="APIAutomationTesting.FullAPITest"/>
</testsuite> <!-- APIAutomationTesting.FullAPITest -->
